# JRE version: OpenJDK Runtime Environment (8.0_242-b01) (build 1.8.0_242-release-1644-b01)
# Java VM: OpenJDK 64-Bit Server VM (25.242-b01 mixed mode windows-amd64 compressed oops)
Heap:
 PSYoungGen      total 223744K, used 158385K [0x00000000e0000000, 0x00000000ef080000, 0x0000000100000000)
  eden space 211456K, 69% used [0x00000000e0000000,0x00000000e8eb2638,0x00000000ece80000)
  from space 12288K, 99% used [0x00000000edf00000,0x00000000eeafa078,0x00000000eeb00000)
  to   space 16896K, 0% used [0x00000000ece80000,0x00000000ece80000,0x00000000edf00000)
 ParOldGen       total 69120K, used 22751K [0x00000000a0000000, 0x00000000a4380000, 0x00000000e0000000)
  object space 69120K, 32% used [0x00000000a0000000,0x00000000a1637cd8,0x00000000a4380000)
 Metaspace       used 54948K, capacity 57280K, committed 57432K, reserved 1099776K
  class space    used 7443K, capacity 7994K, committed 8064K, reserved 1048576K
GC Heap History (10 events):
Event: 6.796 GC heap before
{Heap before GC invocations=10 (full 1):
 PSYoungGen      total 114176K, used 113837K [0x00000000e0000000, 0x00000000e9100000, 0x0000000100000000)
  eden space 105472K, 100% used [0x00000000e0000000,0x00000000e6700000,0x00000000e6700000)
  from space 8704K, 96% used [0x00000000e8880000,0x00000000e90ab578,0x00000000e9100000)
  to   space 11264K, 0% used [0x00000000e7b00000,0x00000000e7b00000,0x00000000e8600000)
 ParOldGen       total 54784K, used 7058K [0x00000000a0000000, 0x00000000a3580000, 0x00000000e0000000)
  object space 54784K, 12% used [0x00000000a0000000,0x00000000a06e4a98,0x00000000a3580000)
 Metaspace       used 34355K, capacity 35346K, committed 35416K, reserved 1079296K
  class space    used 4725K, capacity 4960K, committed 4992K, reserved 1048576K
Event: 6.808 GC heap after
Heap after GC invocations=10 (full 1):
 PSYoungGen      total 137216K, used 11232K [0x00000000e0000000, 0x00000000ea680000, 0x0000000100000000)
  eden space 125952K, 0% used [0x00000000e0000000,0x00000000e0000000,0x00000000e7b00000)
  from space 11264K, 99% used [0x00000000e7b00000,0x00000000e85f8208,0x00000000e8600000)
  to   space 13312K, 0% used [0x00000000e9980000,0x00000000e9980000,0x00000000ea680000)
 ParOldGen       total 54784K, used 8668K [0x00000000a0000000, 0x00000000a3580000, 0x00000000e0000000)
  object space 54784K, 15% used [0x00000000a0000000,0x00000000a08773d0,0x00000000a3580000)
 Metaspace       used 34355K, capacity 35346K, committed 35416K, reserved 1079296K
  class space    used 4725K, capacity 4960K, committed 4992K, reserved 1048576K
}
Event: 6.818 GC heap before
{Heap before GC invocations=11 (full 1):
 PSYoungGen      total 137216K, used 13518K [0x00000000e0000000, 0x00000000ea680000, 0x0000000100000000)
  eden space 125952K, 1% used [0x00000000e0000000,0x00000000e023b648,0x00000000e7b00000)
  from space 11264K, 99% used [0x00000000e7b00000,0x00000000e85f8208,0x00000000e8600000)
  to   space 13312K, 0% used [0x00000000e9980000,0x00000000e9980000,0x00000000ea680000)
 ParOldGen       total 54784K, used 8668K [0x00000000a0000000, 0x00000000a3580000, 0x00000000e0000000)
  object space 54784K, 15% used [0x00000000a0000000,0x00000000a08773d0,0x00000000a3580000)
 Metaspace       used 34387K, capacity 35378K, committed 35416K, reserved 1079296K
  class space    used 4729K, capacity 4992K, committed 4992K, reserved 1048576K
Event: 6.827 GC heap after
Heap after GC invocations=11 (full 1):
 PSYoungGen      total 157696K, used 5104K [0x00000000e0000000, 0x00000000ed780000, 0x0000000100000000)
  eden space 144384K, 0% used [0x00000000e0000000,0x00000000e0000000,0x00000000e8d00000)
  from space 13312K, 38% used [0x00000000e9980000,0x00000000e9e7c010,0x00000000ea680000)
  to   space 12800K, 0% used [0x00000000e8d00000,0x00000000e8d00000,0x00000000e9980000)
 ParOldGen       total 54784K, used 12038K [0x00000000a0000000, 0x00000000a3580000, 0x00000000e0000000)
  object space 54784K, 21% used [0x00000000a0000000,0x00000000a0bc1b48,0x00000000a3580000)
 Metaspace       used 34387K, capacity 35378K, committed 35416K, reserved 1079296K
  class space    used 4729K, capacity 4992K, committed 4992K, reserved 1048576K
}
Event: 6.827 GC heap before
{Heap before GC invocations=12 (full 2):
 PSYoungGen      total 157696K, used 5104K [0x00000000e0000000, 0x00000000ed780000, 0x0000000100000000)
  eden space 144384K, 0% used [0x00000000e0000000,0x00000000e0000000,0x00000000e8d00000)
  from space 13312K, 38% used [0x00000000e9980000,0x00000000e9e7c010,0x00000000ea680000)
  to   space 12800K, 0% used [0x00000000e8d00000,0x00000000e8d00000,0x00000000e9980000)
 ParOldGen       total 54784K, used 12038K [0x00000000a0000000, 0x00000000a3580000, 0x00000000e0000000)
  object space 54784K, 21% used [0x00000000a0000000,0x00000000a0bc1b48,0x00000000a3580000)
 Metaspace       used 34387K, capacity 35378K, committed 35416K, reserved 1079296K
  class space    used 4729K, capacity 4992K, committed 4992K, reserved 1048576K
Event: 6.887 GC heap after
Heap after GC invocations=12 (full 2):
 PSYoungGen      total 157696K, used 0K [0x00000000e0000000, 0x00000000ed780000, 0x0000000100000000)
  eden space 144384K, 0% used [0x00000000e0000000,0x00000000e0000000,0x00000000e8d00000)
  from space 13312K, 0% used [0x00000000e9980000,0x00000000e9980000,0x00000000ea680000)
  to   space 12800K, 0% used [0x00000000e8d00000,0x00000000e8d00000,0x00000000e9980000)
 ParOldGen       total 69120K, used 14847K [0x00000000a0000000, 0x00000000a4380000, 0x00000000e0000000)
  object space 69120K, 21% used [0x00000000a0000000,0x00000000a0e7fd40,0x00000000a4380000)
 Metaspace       used 34387K, capacity 35378K, committed 35416K, reserved 1079296K
  class space    used 4729K, capacity 4992K, committed 4992K, reserved 1048576K
}
Event: 8.472 GC heap before
{Heap before GC invocations=13 (full 2):
 PSYoungGen      total 157696K, used 144384K [0x00000000e0000000, 0x00000000ed780000, 0x0000000100000000)
  eden space 144384K, 100% used [0x00000000e0000000,0x00000000e8d00000,0x00000000e8d00000)
  from space 13312K, 0% used [0x00000000e9980000,0x00000000e9980000,0x00000000ea680000)
  to   space 12800K, 0% used [0x00000000e8d00000,0x00000000e8d00000,0x00000000e9980000)
 ParOldGen       total 69120K, used 14847K [0x00000000a0000000, 0x00000000a4380000, 0x00000000e0000000)
  object space 69120K, 21% used [0x00000000a0000000,0x00000000a0e7fd40,0x00000000a4380000)
 Metaspace       used 37383K, capacity 38978K, committed 39256K, reserved 1083392K
  class space    used 5129K, capacity 5450K, committed 5504K, reserved 1048576K
Event: 8.479 GC heap after
Heap after GC invocations=13 (full 2):
 PSYoungGen      total 157184K, used 6163K [0x00000000e0000000, 0x00000000eeb00000, 0x0000000100000000)
  eden space 144384K, 0% used [0x00000000e0000000,0x00000000e0000000,0x00000000e8d00000)
  from space 12800K, 48% used [0x00000000e8d00000,0x00000000e9304e90,0x00000000e9980000)
  to   space 12288K, 0% used [0x00000000edf00000,0x00000000edf00000,0x00000000eeb00000)
 ParOldGen       total 69120K, used 14855K [0x00000000a0000000, 0x00000000a4380000, 0x00000000e0000000)
  object space 69120K, 21% used [0x00000000a0000000,0x00000000a0e81d40,0x00000000a4380000)
 Metaspace       used 37383K, capacity 38978K, committed 39256K, reserved 1083392K
  class space    used 5129K, capacity 5450K, committed 5504K, reserved 1048576K
}
Event: 10.944 GC heap before
{Heap before GC invocations=14 (full 2):
 PSYoungGen      total 157184K, used 150547K [0x00000000e0000000, 0x00000000eeb00000, 0x0000000100000000)
  eden space 144384K, 100% used [0x00000000e0000000,0x00000000e8d00000,0x00000000e8d00000)
  from space 12800K, 48% used [0x00000000e8d00000,0x00000000e9304e90,0x00000000e9980000)
  to   space 12288K, 0% used [0x00000000edf00000,0x00000000edf00000,0x00000000eeb00000)
 ParOldGen       total 69120K, used 14855K [0x00000000a0000000, 0x00000000a4380000, 0x00000000e0000000)
  object space 69120K, 21% used [0x00000000a0000000,0x00000000a0e81d40,0x00000000a4380000)
 Metaspace       used 50832K, capacity 52742K, committed 52952K, reserved 1095680K
  class space    used 6745K, capacity 7148K, committed 7168K, reserved 1048576K
Event: 10.960 GC heap after
Heap after GC invocations=14 (full 2):
 PSYoungGen      total 223744K, used 12264K [0x00000000e0000000, 0x00000000ef080000, 0x0000000100000000)
  eden space 211456K, 0% used [0x00000000e0000000,0x00000000e0000000,0x00000000ece80000)
  from space 12288K, 99% used [0x00000000edf00000,0x00000000eeafa078,0x00000000eeb00000)
  to   space 16896K, 0% used [0x00000000ece80000,0x00000000ece80000,0x00000000edf00000)
 ParOldGen       total 69120K, used 22751K [0x00000000a0000000, 0x00000000a4380000, 0x00000000e0000000)
  object space 69120K, 32% used [0x00000000a0000000,0x00000000a1637cd8,0x00000000a4380000)
 Metaspace       used 50832K, capacity 52742K, committed 52952K, reserved 1095680K
  class space    used 6745K, capacity 7148K, committed 7168K, reserved 1048576K
}

