# JRE version: OpenJDK Runtime Environment (8.0_242-b01) (build 1.8.0_242-release-1644-b01)
# Java VM: OpenJDK 64-Bit Server VM (25.242-b01 mixed mode windows-amd64 compressed oops)
Heap:
 PSYoungGen      total 217088K, used 44435K [0x00000000e0000000, 0x00000000ee700000, 0x0000000100000000)
  eden space 200192K, 22% used [0x00000000e0000000,0x00000000e2b64d00,0x00000000ec380000)
  from space 16896K, 0% used [0x00000000ed480000,0x00000000ed480000,0x00000000ee500000)
  to   space 17408K, 0% used [0x00000000ec380000,0x00000000ec380000,0x00000000ed480000)
 ParOldGen       total 130048K, used 37027K [0x00000000a0000000, 0x00000000a7f00000, 0x00000000e0000000)
  object space 130048K, 28% used [0x00000000a0000000,0x00000000a2428ec8,0x00000000a7f00000)
 Metaspace       used 57697K, capacity 60148K, committed 60376K, reserved 1101824K
  class space    used 7885K, capacity 8438K, committed 8448K, reserved 1048576K
GC Heap History (10 events):
Event: 5.389 GC heap before
{Heap before GC invocations=11 (full 2):
 PSYoungGen      total 137216K, used 11244K [0x00000000e0000000, 0x00000000eb380000, 0x0000000100000000)
  eden space 125952K, 0% used [0x00000000e0000000,0x00000000e0000000,0x00000000e7b00000)
  from space 11264K, 99% used [0x00000000e7b00000,0x00000000e85fb2c8,0x00000000e8600000)
  to   space 13312K, 0% used [0x00000000ea680000,0x00000000ea680000,0x00000000eb380000)
 ParOldGen       total 52736K, used 8676K [0x00000000a0000000, 0x00000000a3380000, 0x00000000e0000000)
  object space 52736K, 16% used [0x00000000a0000000,0x00000000a0879220,0x00000000a3380000)
 Metaspace       used 34350K, capacity 35378K, committed 35416K, reserved 1079296K
  class space    used 4728K, capacity 4992K, committed 4992K, reserved 1048576K
Event: 5.453 GC heap after
Heap after GC invocations=11 (full 2):
 PSYoungGen      total 137216K, used 0K [0x00000000e0000000, 0x00000000eb380000, 0x0000000100000000)
  eden space 125952K, 0% used [0x00000000e0000000,0x00000000e0000000,0x00000000e7b00000)
  from space 11264K, 0% used [0x00000000e7b00000,0x00000000e7b00000,0x00000000e8600000)
  to   space 13312K, 0% used [0x00000000ea680000,0x00000000ea680000,0x00000000eb380000)
 ParOldGen       total 84480K, used 19134K [0x00000000a0000000, 0x00000000a5280000, 0x00000000e0000000)
  object space 84480K, 22% used [0x00000000a0000000,0x00000000a12afa80,0x00000000a5280000)
 Metaspace       used 34350K, capacity 35378K, committed 35416K, reserved 1079296K
  class space    used 4728K, capacity 4992K, committed 4992K, reserved 1048576K
}
Event: 6.633 GC heap before
{Heap before GC invocations=12 (full 2):
 PSYoungGen      total 137216K, used 125952K [0x00000000e0000000, 0x00000000eb380000, 0x0000000100000000)
  eden space 125952K, 100% used [0x00000000e0000000,0x00000000e7b00000,0x00000000e7b00000)
  from space 11264K, 0% used [0x00000000e7b00000,0x00000000e7b00000,0x00000000e8600000)
  to   space 13312K, 0% used [0x00000000ea680000,0x00000000ea680000,0x00000000eb380000)
 ParOldGen       total 84480K, used 19134K [0x00000000a0000000, 0x00000000a5280000, 0x00000000e0000000)
  object space 84480K, 22% used [0x00000000a0000000,0x00000000a12afa80,0x00000000a5280000)
 Metaspace       used 38959K, capacity 40660K, committed 40792K, reserved 1085440K
  class space    used 5359K, capacity 5729K, committed 5760K, reserved 1048576K
Event: 6.646 GC heap after
Heap after GC invocations=12 (full 2):
 PSYoungGen      total 171008K, used 7940K [0x00000000e0000000, 0x00000000eb880000, 0x0000000100000000)
  eden space 157696K, 0% used [0x00000000e0000000,0x00000000e0000000,0x00000000e9a00000)
  from space 13312K, 59% used [0x00000000ea680000,0x00000000eae41260,0x00000000eb380000)
  to   space 12800K, 0% used [0x00000000e9a00000,0x00000000e9a00000,0x00000000ea680000)
 ParOldGen       total 84480K, used 19142K [0x00000000a0000000, 0x00000000a5280000, 0x00000000e0000000)
  object space 84480K, 22% used [0x00000000a0000000,0x00000000a12b1a80,0x00000000a5280000)
 Metaspace       used 38959K, capacity 40660K, committed 40792K, reserved 1085440K
  class space    used 5359K, capacity 5729K, committed 5760K, reserved 1048576K
}
Event: 8.506 GC heap before
{Heap before GC invocations=13 (full 2):
 PSYoungGen      total 171008K, used 165636K [0x00000000e0000000, 0x00000000eb880000, 0x0000000100000000)
  eden space 157696K, 100% used [0x00000000e0000000,0x00000000e9a00000,0x00000000e9a00000)
  from space 13312K, 59% used [0x00000000ea680000,0x00000000eae41260,0x00000000eb380000)
  to   space 12800K, 0% used [0x00000000e9a00000,0x00000000e9a00000,0x00000000ea680000)
 ParOldGen       total 84480K, used 19142K [0x00000000a0000000, 0x00000000a5280000, 0x00000000e0000000)
  object space 84480K, 22% used [0x00000000a0000000,0x00000000a12b1a80,0x00000000a5280000)
 Metaspace       used 51058K, capacity 53026K, committed 53336K, reserved 1095680K
  class space    used 6792K, capacity 7229K, committed 7296K, reserved 1048576K
Event: 8.523 GC heap after
Heap after GC invocations=13 (full 2):
 PSYoungGen      total 170496K, used 12772K [0x00000000e0000000, 0x00000000ee500000, 0x0000000100000000)
  eden space 157696K, 0% used [0x00000000e0000000,0x00000000e0000000,0x00000000e9a00000)
  from space 12800K, 99% used [0x00000000e9a00000,0x00000000ea6791d8,0x00000000ea680000)
  to   space 16896K, 0% used [0x00000000ed480000,0x00000000ed480000,0x00000000ee500000)
 ParOldGen       total 84480K, used 25982K [0x00000000a0000000, 0x00000000a5280000, 0x00000000e0000000)
  object space 84480K, 30% used [0x00000000a0000000,0x00000000a195fbc0,0x00000000a5280000)
 Metaspace       used 51058K, capacity 53026K, committed 53336K, reserved 1095680K
  class space    used 6792K, capacity 7229K, committed 7296K, reserved 1048576K
}
Event: 9.870 GC heap before
{Heap before GC invocations=14 (full 2):
 PSYoungGen      total 170496K, used 126468K [0x00000000e0000000, 0x00000000ee500000, 0x0000000100000000)
  eden space 157696K, 72% used [0x00000000e0000000,0x00000000e6f07fd8,0x00000000e9a00000)
  from space 12800K, 99% used [0x00000000e9a00000,0x00000000ea6791d8,0x00000000ea680000)
  to   space 16896K, 0% used [0x00000000ed480000,0x00000000ed480000,0x00000000ee500000)
 ParOldGen       total 84480K, used 25982K [0x00000000a0000000, 0x00000000a5280000, 0x00000000e0000000)
  object space 84480K, 30% used [0x00000000a0000000,0x00000000a195fbc0,0x00000000a5280000)
 Metaspace       used 56385K, capacity 58792K, committed 58968K, reserved 1099776K
  class space    used 7668K, capacity 8201K, committed 8320K, reserved 1048576K
Event: 9.898 GC heap after
Heap after GC invocations=14 (full 2):
 PSYoungGen      total 217088K, used 12098K [0x00000000e0000000, 0x00000000ee700000, 0x0000000100000000)
  eden space 200192K, 0% used [0x00000000e0000000,0x00000000e0000000,0x00000000ec380000)
  from space 16896K, 71% used [0x00000000ed480000,0x00000000ee050be8,0x00000000ee500000)
  to   space 17408K, 0% used [0x00000000ec380000,0x00000000ec380000,0x00000000ed480000)
 ParOldGen       total 84480K, used 37566K [0x00000000a0000000, 0x00000000a5280000, 0x00000000e0000000)
  object space 84480K, 44% used [0x00000000a0000000,0x00000000a24af888,0x00000000a5280000)
 Metaspace       used 56385K, capacity 58792K, committed 58968K, reserved 1099776K
  class space    used 7668K, capacity 8201K, committed 8320K, reserved 1048576K
}
Event: 9.898 GC heap before
{Heap before GC invocations=15 (full 3):
 PSYoungGen      total 217088K, used 12098K [0x00000000e0000000, 0x00000000ee700000, 0x0000000100000000)
  eden space 200192K, 0% used [0x00000000e0000000,0x00000000e0000000,0x00000000ec380000)
  from space 16896K, 71% used [0x00000000ed480000,0x00000000ee050be8,0x00000000ee500000)
  to   space 17408K, 0% used [0x00000000ec380000,0x00000000ec380000,0x00000000ed480000)
 ParOldGen       total 84480K, used 37566K [0x00000000a0000000, 0x00000000a5280000, 0x00000000e0000000)
  object space 84480K, 44% used [0x00000000a0000000,0x00000000a24af888,0x00000000a5280000)
 Metaspace       used 56385K, capacity 58792K, committed 58968K, reserved 1099776K
  class space    used 7668K, capacity 8201K, committed 8320K, reserved 1048576K
Event: 10.096 GC heap after
Heap after GC invocations=15 (full 3):
 PSYoungGen      total 217088K, used 0K [0x00000000e0000000, 0x00000000ee700000, 0x0000000100000000)
  eden space 200192K, 0% used [0x00000000e0000000,0x00000000e0000000,0x00000000ec380000)
  from space 16896K, 0% used [0x00000000ed480000,0x00000000ed480000,0x00000000ee500000)
  to   space 17408K, 0% used [0x00000000ec380000,0x00000000ec380000,0x00000000ed480000)
 ParOldGen       total 130048K, used 37027K [0x00000000a0000000, 0x00000000a7f00000, 0x00000000e0000000)
  object space 130048K, 28% used [0x00000000a0000000,0x00000000a2428ec8,0x00000000a7f00000)
 Metaspace       used 56341K, capacity 58642K, committed 58968K, reserved 1099776K
  class space    used 7655K, capacity 8176K, committed 8320K, reserved 1048576K
}

